
2025/01/31 (23:37:33) | ===> btop++ v.1.4.0
2025/01/31 (23:37:33) | WARNING: Intel GPU: Failed to initialize PMU

2025/02/01 (03:40:13) | ===> btop++ v.1.4.0
2025/02/01 (03:40:13) | WARNING: Intel GPU: Failed to initialize PMU

2025/02/01 (04:21:02) | ===> btop++ v.1.4.0
2025/02/01 (04:21:02) | WARNING: Intel GPU: Failed to initialize PMU

2025/02/01 (19:18:30) | ===> btop++ v.1.4.0
2025/02/01 (19:18:30) | WARNING: Intel GPU: Failed to initialize PMU

2025/02/01 (20:21:40) | ===> btop++ v.1.4.0
2025/02/01 (20:21:40) | WARNING: Intel GPU: Failed to initialize PMU

2025/02/01 (20:28:04) | ===> btop++ v.1.4.0
2025/02/01 (20:28:04) | WARNING: Intel GPU: Failed to initialize PMU
2025/02/01 (20:28:11) | ERROR: Couldn't determine terminal size of "STDOUT_FILENO"!
2025/02/01 (20:28:11) | ERROR: Couldn't determine terminal size of "/dev/tty"!

2025/02/01 (20:28:15) | ===> btop++ v.1.4.0
2025/02/01 (20:28:15) | WARNING: Intel GPU: Failed to initialize PMU
2025/02/01 (20:28:18) | ERROR: Couldn't determine terminal size of "STDOUT_FILENO"!
2025/02/01 (20:28:18) | ERROR: Couldn't determine terminal size of "/dev/tty"!

2025/02/01 (22:07:26) | ===> btop++ v.1.4.0
2025/02/01 (22:07:26) | WARNING: Intel GPU: Failed to initialize PMU

2025/02/01 (22:15:24) | ===> btop++ v.1.4.0
2025/02/01 (22:15:24) | WARNING: Intel GPU: Failed to initialize PMU

2025/02/02 (01:16:52) | ===> btop++ v.1.4.0
2025/02/02 (01:16:52) | WARNING: Intel GPU: Failed to initialize PMU

2025/02/02 (01:33:12) | ===> btop++ v.1.4.0
2025/02/02 (01:33:12) | WARNING: Intel GPU: Failed to initialize PMU

2025/02/03 (01:22:06) | ===> btop++ v.1.4.0
2025/02/03 (01:22:06) | WARNING: Intel GPU: Failed to initialize PMU

2025/02/07 (21:10:25) | ===> btop++ v.1.4.0
2025/02/07 (21:10:25) | WARNING: Intel GPU: Failed to initialize PMU
2025/02/07 (21:10:58) | WARNING: Failed to join _runner thread on exit!

2025/02/07 (21:42:36) | ===> btop++ v.1.4.0
2025/02/07 (21:42:36) | WARNING: Intel GPU: Failed to initialize PMU
2025/02/07 (21:42:39) | WARNING: Failed to join _runner thread on exit!

2025/02/09 (04:21:08) | ===> btop++ v.1.4.0
2025/02/09 (04:21:08) | WARNING: Intel GPU: Failed to initialize PMU

2025/02/10 (00:55:16) | ===> btop++ v.1.4.0
2025/02/10 (00:55:16) | WARNING: Intel GPU: Failed to initialize PMU

2025/02/10 (02:46:22) | ===> btop++ v.1.4.0
2025/02/10 (02:46:22) | WARNING: Intel GPU: Failed to initialize PMU

2025/02/10 (17:59:40) | ===> btop++ v.1.4.0
2025/02/10 (17:59:40) | ERROR: No tty detected!
btop++ needs an interactive shell to run.

2025/02/10 (18:03:58) | ===> btop++ v.1.4.0
2025/02/10 (18:03:58) | WARNING: Intel GPU: Failed to initialize PMU

2025/02/10 (18:04:25) | ===> btop++ v.1.4.0
2025/02/10 (18:04:25) | WARNING: Intel GPU: Failed to initialize PMU

2025/02/10 (18:05:00) | ===> btop++ v.1.4.0
2025/02/10 (18:05:00) | WARNING: Intel GPU: Failed to initialize PMU

2025/02/10 (18:05:57) | ===> btop++ v.1.4.0
2025/02/10 (18:05:57) | WARNING: Intel GPU: Failed to initialize PMU

2025/02/10 (19:35:15) | ===> btop++ v.1.4.0
2025/02/10 (19:35:15) | WARNING: Intel GPU: Failed to initialize PMU

2025/02/10 (22:24:43) | ===> btop++ v.1.4.0
2025/02/10 (22:24:43) | WARNING: Intel GPU: Failed to initialize PMU
